#
# There is insufficient memory for the Java Runtime Environment to continue.
# Native memory allocation (malloc) failed to allocate 1130096 bytes for Chunk::new
# Possible reasons:
#   The system is out of physical RAM or swap space
#   The process is running with CompressedOops enabled, and the Java Heap may be blocking the growth of the native heap
# Possible solutions:
#   Reduce memory load on the system
#   Increase physical memory or swap space
#   Check if swap backing store is full
#   Decrease Java heap size (-Xmx/-Xms)
#   Decrease number of Java threads
#   Decrease Java thread stack sizes (-Xss)
#   Set larger code cache with -XX:ReservedCodeCacheSize=
#   JVM is running with Unscaled Compressed Oops mode in which the Java heap is
#     placed in the first 4GB address space. The Java Heap base address is the
#     maximum limit for the native heap growth. Please use -XX:HeapBaseMinAddress
#     to set the Java Heap base and to place the Java Heap above 4GB virtual address.
# This output file may be truncated or incomplete.
#
#  Out of Memory Error (arena.cpp:189), pid=38892, tid=28016
#
# JRE version: OpenJDK Runtime Environment Temurin-17.0.2+8 (17.0.2+8) (build 17.0.2+8)
# Java VM: OpenJDK 64-Bit Server VM Temurin-17.0.2+8 (17.0.2+8, mixed mode, tiered, compressed oops, compressed class ptrs, g1 gc, windows-amd64)
# No core dump will be written. Minidumps are not enabled by default on client versions of Windows
#

---------------  S U M M A R Y ------------

Command Line: -Dfile.encoding=UTF-8 -XX:+ShowCodeDetailsInExceptionMessages Playwright.thirdScenario

Host: Intel(R) Core(TM) i5-6300U CPU @ 2.40GHz, 4 cores, 7G,  Windows 10 , 64 bit Build 19041 (10.0.19041.2364)
Time: Wed Jan 18 18:41:32 2023 India Standard Time elapsed time: 45.362696 seconds (0d 0h 0m 45s)

---------------  T H R E A D  ---------------

Current thread (0x0000018e3130fdb0):  JavaThread "C2 CompilerThread0" daemon [_thread_in_native, id=28016, stack(0x0000006c78c00000,0x0000006c78d00000)]


Current CompileTask:
C2:  45362 1353       4       com.google.gson.internal.LinkedTreeMap::rebalance (379 bytes)

Stack: [0x0000006c78c00000,0x0000006c78d00000]
Native frames: (J=compiled Java code, j=interpreted, Vv=VM code, C=native code)
V  [jvm.dll+0x67564a]
V  [jvm.dll+0x82fc04]
V  [jvm.dll+0x8313ae]
V  [jvm.dll+0x831a13]
V  [jvm.dll+0x245235]
V  [jvm.dll+0xabd7b]
V  [jvm.dll+0xac30c]
V  [jvm.dll+0x3631a2]
V  [jvm.dll+0x32d891]
V  [jvm.dll+0x32cd3a]
V  [jvm.dll+0x2180d1]
V  [jvm.dll+0x2174f1]
V  [jvm.dll+0x1a3a8d]
V  [jvm.dll+0x226ef8]
V  [jvm.dll+0x22503c]
V  [jvm.dll+0x7e596b]
V  [jvm.dll+0x7dff2a]
V  [jvm.dll+0x6744d5]
C  [ucrtbase.dll+0x21bb2]
C  [KERNEL32.DLL+0x17614]
C  [ntdll.dll+0x526a1]


---------------  P R O C E S S  ---------------

Threads class SMR info:
_java_thread_list=0x0000018e32644190, length=14, elements={
0x0000018e15c7d890, 0x0000018e312c1ce0, 0x0000018e312c2dd0, 0x0000018e312ee050,
0x0000018e3130e040, 0x0000018e3130e900, 0x0000018e3130f1c0, 0x0000018e3130fdb0,
0x0000018e3132f500, 0x0000018e3133e600, 0x0000018e31e62a20, 0x0000018e31e7c020,
0x0000018e324574b0, 0x0000018e31fc9c90
}

Java Threads: ( => current thread )
  0x0000018e15c7d890 JavaThread "main" [_thread_blocked, id=35612, stack(0x0000006c77f00000,0x0000006c78000000)]
  0x0000018e312c1ce0 JavaThread "Reference Handler" daemon [_thread_blocked, id=33940, stack(0x0000006c78600000,0x0000006c78700000)]
  0x0000018e312c2dd0 JavaThread "Finalizer" daemon [_thread_blocked, id=10556, stack(0x0000006c78700000,0x0000006c78800000)]
  0x0000018e312ee050 JavaThread "Signal Dispatcher" daemon [_thread_blocked, id=29268, stack(0x0000006c78800000,0x0000006c78900000)]
  0x0000018e3130e040 JavaThread "Attach Listener" daemon [_thread_blocked, id=29668, stack(0x0000006c78900000,0x0000006c78a00000)]
  0x0000018e3130e900 JavaThread "Service Thread" daemon [_thread_blocked, id=19052, stack(0x0000006c78a00000,0x0000006c78b00000)]
  0x0000018e3130f1c0 JavaThread "Monitor Deflation Thread" daemon [_thread_blocked, id=35232, stack(0x0000006c78b00000,0x0000006c78c00000)]
=>0x0000018e3130fdb0 JavaThread "C2 CompilerThread0" daemon [_thread_in_native, id=28016, stack(0x0000006c78c00000,0x0000006c78d00000)]
  0x0000018e3132f500 JavaThread "C1 CompilerThread0" daemon [_thread_blocked, id=39080, stack(0x0000006c78d00000,0x0000006c78e00000)]
  0x0000018e3133e600 JavaThread "Sweeper thread" daemon [_thread_blocked, id=25392, stack(0x0000006c78e00000,0x0000006c78f00000)]
  0x0000018e31e62a20 JavaThread "Notification Thread" daemon [_thread_blocked, id=34300, stack(0x0000006c78f00000,0x0000006c79000000)]
  0x0000018e31e7c020 JavaThread "Common-Cleaner" daemon [_thread_blocked, id=38812, stack(0x0000006c79100000,0x0000006c79200000)]
  0x0000018e324574b0 JavaThread "Thread-0" [_thread_in_native, id=38704, stack(0x0000006c79500000,0x0000006c79600000)]
  0x0000018e31fc9c90 JavaThread "Thread-1" [_thread_blocked, id=38060, stack(0x0000006c79600000,0x0000006c79700000)]

Other Threads:
  0x0000018e312e0ad0 VMThread "VM Thread" [stack: 0x0000006c78500000,0x0000006c78600000] [id=35348]
  0x0000018e31e1d7f0 WatcherThread [stack: 0x0000006c79000000,0x0000006c79100000] [id=22672]
  0x0000018e15cbce00 GCTaskThread "GC Thread#0" [stack: 0x0000006c78000000,0x0000006c78100000] [id=10756]
  0x0000018e3201bba0 GCTaskThread "GC Thread#1" [stack: 0x0000006c79200000,0x0000006c79300000] [id=27268]
  0x0000018e3200def0 GCTaskThread "GC Thread#2" [stack: 0x0000006c79300000,0x0000006c79400000] [id=38608]
  0x0000018e3200e3e0 GCTaskThread "GC Thread#3" [stack: 0x0000006c79400000,0x0000006c79500000] [id=38320]
  0x0000018e15cce1a0 ConcurrentGCThread "G1 Main Marker" [stack: 0x0000006c78100000,0x0000006c78200000] [id=38384]
  0x0000018e15ccebb0 ConcurrentGCThread "G1 Conc#0" [stack: 0x0000006c78200000,0x0000006c78300000] [id=11900]
  0x0000018e15d4bae0 ConcurrentGCThread "G1 Refine#0" [stack: 0x0000006c78300000,0x0000006c78400000] [id=38368]
  0x0000018e15d4c500 ConcurrentGCThread "G1 Service" [stack: 0x0000006c78400000,0x0000006c78500000] [id=12076]

Threads with active compile tasks:
C2 CompilerThread0    45550 1353       4       com.google.gson.internal.LinkedTreeMap::rebalance (379 bytes)

VM state: not at safepoint (normal execution)

VM Mutex/Monitor currently owned by a thread: None

Heap address: 0x0000000081a00000, size: 2022 MB, Compressed Oops mode: 32-bit

CDS archive(s) not mapped
Compressed class space mapped at: 0x0000000100000000-0x0000000140000000, reserved size: 1073741824
Narrow klass base: 0x0000000000000000, Narrow klass shift: 3, Narrow klass range: 0x140000000

GC Precious Log:
 CPUs: 4 total, 4 available
 Memory: 8084M
 Large Page Support: Disabled
 NUMA Support: Disabled
 Compressed Oops: Enabled (32-bit)
 Heap Region Size: 1M
 Heap Min Capacity: 8M
 Heap Initial Capacity: 128M
 Heap Max Capacity: 2022M
 Pre-touch: Disabled
 Parallel Workers: 4
 Concurrent Workers: 1
 Concurrent Refinement Workers: 4
 Periodic GC: Disabled

Heap:
 garbage-first heap   total 131072K, used 16573K [0x0000000081a00000, 0x0000000100000000)
  region size 1024K, 17 young (17408K), 2 survivors (2048K)
 Metaspace       used 12958K, committed 13056K, reserved 1064960K
  class space    used 1174K, committed 1216K, reserved 1048576K

Heap Regions: E=young(eden), S=young(survivor), O=old, HS=humongous(starts), HC=humongous(continues), CS=collection set, F=free, OA=open archive, CA=closed archive, TAMS=top-at-mark-start (previous, next)
|   0|0x0000000081a00000, 0x0000000081a2f400, 0x0000000081b00000| 18%| O|  |TAMS 0x0000000081a00000, 0x0000000081a00000| Untracked 
|   1|0x0000000081b00000, 0x0000000081b00000, 0x0000000081c00000|  0%| F|  |TAMS 0x0000000081b00000, 0x0000000081b00000| Untracked 
|   2|0x0000000081c00000, 0x0000000081c00000, 0x0000000081d00000|  0%| F|  |TAMS 0x0000000081c00000, 0x0000000081c00000| Untracked 
|   3|0x0000000081d00000, 0x0000000081d00000, 0x0000000081e00000|  0%| F|  |TAMS 0x0000000081d00000, 0x0000000081d00000| Untracked 
|   4|0x0000000081e00000, 0x0000000081e00000, 0x0000000081f00000|  0%| F|  |TAMS 0x0000000081e00000, 0x0000000081e00000| Untracked 
|   5|0x0000000081f00000, 0x0000000081f00000, 0x0000000082000000|  0%| F|  |TAMS 0x0000000081f00000, 0x0000000081f00000| Untracked 
|   6|0x0000000082000000, 0x0000000082000000, 0x0000000082100000|  0%| F|  |TAMS 0x0000000082000000, 0x0000000082000000| Untracked 
|   7|0x0000000082100000, 0x0000000082100000, 0x0000000082200000|  0%| F|  |TAMS 0x0000000082100000, 0x0000000082100000| Untracked 
|   8|0x0000000082200000, 0x0000000082200000, 0x0000000082300000|  0%| F|  |TAMS 0x0000000082200000, 0x0000000082200000| Untracked 
|   9|0x0000000082300000, 0x0000000082300000, 0x0000000082400000|  0%| F|  |TAMS 0x0000000082300000, 0x0000000082300000| Untracked 
|  10|0x0000000082400000, 0x0000000082400000, 0x0000000082500000|  0%| F|  |TAMS 0x0000000082400000, 0x0000000082400000| Untracked 
|  11|0x0000000082500000, 0x0000000082500000, 0x0000000082600000|  0%| F|  |TAMS 0x0000000082500000, 0x0000000082500000| Untracked 
|  12|0x0000000082600000, 0x0000000082600000, 0x0000000082700000|  0%| F|  |TAMS 0x0000000082600000, 0x0000000082600000| Untracked 
|  13|0x0000000082700000, 0x0000000082700000, 0x0000000082800000|  0%| F|  |TAMS 0x0000000082700000, 0x0000000082700000| Untracked 
|  14|0x0000000082800000, 0x0000000082800000, 0x0000000082900000|  0%| F|  |TAMS 0x0000000082800000, 0x0000000082800000| Untracked 
|  15|0x0000000082900000, 0x0000000082900000, 0x0000000082a00000|  0%| F|  |TAMS 0x0000000082900000, 0x0000000082900000| Untracked 
|  16|0x0000000082a00000, 0x0000000082a00000, 0x0000000082b00000|  0%| F|  |TAMS 0x0000000082a00000, 0x0000000082a00000| Untracked 
|  17|0x0000000082b00000, 0x0000000082b00000, 0x0000000082c00000|  0%| F|  |TAMS 0x0000000082b00000, 0x0000000082b00000| Untracked 
|  18|0x0000000082c00000, 0x0000000082c00000, 0x0000000082d00000|  0%| F|  |TAMS 0x0000000082c00000, 0x0000000082c00000| Untracked 
|  19|0x0000000082d00000, 0x0000000082d00000, 0x0000000082e00000|  0%| F|  |TAMS 0x0000000082d00000, 0x0000000082d00000| Untracked 
|  20|0x0000000082e00000, 0x0000000082e00000, 0x0000000082f00000|  0%| F|  |TAMS 0x0000000082e00000, 0x0000000082e00000| Untracked 
|  21|0x0000000082f00000, 0x0000000082f00000, 0x0000000083000000|  0%| F|  |TAMS 0x0000000082f00000, 0x0000000082f00000| Untracked 
|  22|0x0000000083000000, 0x0000000083000000, 0x0000000083100000|  0%| F|  |TAMS 0x0000000083000000, 0x0000000083000000| Untracked 
|  23|0x0000000083100000, 0x0000000083100000, 0x0000000083200000|  0%| F|  |TAMS 0x0000000083100000, 0x0000000083100000| Untracked 
|  24|0x0000000083200000, 0x0000000083200000, 0x0000000083300000|  0%| F|  |TAMS 0x0000000083200000, 0x0000000083200000| Untracked 
|  25|0x0000000083300000, 0x0000000083300000, 0x0000000083400000|  0%| F|  |TAMS 0x0000000083300000, 0x0000000083300000| Untracked 
|  26|0x0000000083400000, 0x0000000083400000, 0x0000000083500000|  0%| F|  |TAMS 0x0000000083400000, 0x0000000083400000| Untracked 
|  27|0x0000000083500000, 0x0000000083500000, 0x0000000083600000|  0%| F|  |TAMS 0x0000000083500000, 0x0000000083500000| Untracked 
|  28|0x0000000083600000, 0x0000000083600000, 0x0000000083700000|  0%| F|  |TAMS 0x0000000083600000, 0x0000000083600000| Untracked 
|  29|0x0000000083700000, 0x0000000083700000, 0x0000000083800000|  0%| F|  |TAMS 0x0000000083700000, 0x0000000083700000| Untracked 
|  30|0x0000000083800000, 0x0000000083800000, 0x0000000083900000|  0%| F|  |TAMS 0x0000000083800000, 0x0000000083800000| Untracked 
|  31|0x0000000083900000, 0x0000000083900000, 0x0000000083a00000|  0%| F|  |TAMS 0x0000000083900000, 0x0000000083900000| Untracked 
|  32|0x0000000083a00000, 0x0000000083a00000, 0x0000000083b00000|  0%| F|  |TAMS 0x0000000083a00000, 0x0000000083a00000| Untracked 
|  33|0x0000000083b00000, 0x0000000083b00000, 0x0000000083c00000|  0%| F|  |TAMS 0x0000000083b00000, 0x0000000083b00000| Untracked 
|  34|0x0000000083c00000, 0x0000000083c00000, 0x0000000083d00000|  0%| F|  |TAMS 0x0000000083c00000, 0x0000000083c00000| Untracked 
|  35|0x0000000083d00000, 0x0000000083d00000, 0x0000000083e00000|  0%| F|  |TAMS 0x0000000083d00000, 0x0000000083d00000| Untracked 
|  36|0x0000000083e00000, 0x0000000083e00000, 0x0000000083f00000|  0%| F|  |TAMS 0x0000000083e00000, 0x0000000083e00000| Untracked 
|  37|0x0000000083f00000, 0x0000000083f00000, 0x0000000084000000|  0%| F|  |TAMS 0x0000000083f00000, 0x0000000083f00000| Untracked 
|  38|0x0000000084000000, 0x0000000084000000, 0x0000000084100000|  0%| F|  |TAMS 0x0000000084000000, 0x0000000084000000| Untracked 
|  39|0x0000000084100000, 0x0000000084100000, 0x0000000084200000|  0%| F|  |TAMS 0x0000000084100000, 0x0000000084100000| Untracked 
|  40|0x0000000084200000, 0x0000000084200000, 0x0000000084300000|  0%| F|  |TAMS 0x0000000084200000, 0x0000000084200000| Untracked 
|  41|0x0000000084300000, 0x0000000084300000, 0x0000000084400000|  0%| F|  |TAMS 0x0000000084300000, 0x0000000084300000| Untracked 
|  42|0x0000000084400000, 0x0000000084400000, 0x0000000084500000|  0%| F|  |TAMS 0x0000000084400000, 0x0000000084400000| Untracked 
|  43|0x0000000084500000, 0x0000000084500000, 0x0000000084600000|  0%| F|  |TAMS 0x0000000084500000, 0x0000000084500000| Untracked 
|  44|0x0000000084600000, 0x0000000084600000, 0x0000000084700000|  0%| F|  |TAMS 0x0000000084600000, 0x0000000084600000| Untracked 
|  45|0x0000000084700000, 0x0000000084700000, 0x0000000084800000|  0%| F|  |TAMS 0x0000000084700000, 0x0000000084700000| Untracked 
|  46|0x0000000084800000, 0x0000000084800000, 0x0000000084900000|  0%| F|  |TAMS 0x0000000084800000, 0x0000000084800000| Untracked 
|  47|0x0000000084900000, 0x0000000084900000, 0x0000000084a00000|  0%| F|  |TAMS 0x0000000084900000, 0x0000000084900000| Untracked 
|  48|0x0000000084a00000, 0x0000000084a00000, 0x0000000084b00000|  0%| F|  |TAMS 0x0000000084a00000, 0x0000000084a00000| Untracked 
|  49|0x0000000084b00000, 0x0000000084b00000, 0x0000000084c00000|  0%| F|  |TAMS 0x0000000084b00000, 0x0000000084b00000| Untracked 
|  50|0x0000000084c00000, 0x0000000084c00000, 0x0000000084d00000|  0%| F|  |TAMS 0x0000000084c00000, 0x0000000084c00000| Untracked 
|  51|0x0000000084d00000, 0x0000000084d00000, 0x0000000084e00000|  0%| F|  |TAMS 0x0000000084d00000, 0x0000000084d00000| Untracked 
|  52|0x0000000084e00000, 0x0000000084e00000, 0x0000000084f00000|  0%| F|  |TAMS 0x0000000084e00000, 0x0000000084e00000| Untracked 
|  53|0x0000000084f00000, 0x0000000084f00000, 0x0000000085000000|  0%| F|  |TAMS 0x0000000084f00000, 0x0000000084f00000| Untracked 
|  54|0x0000000085000000, 0x0000000085000000, 0x0000000085100000|  0%| F|  |TAMS 0x0000000085000000, 0x0000000085000000| Untracked 
|  55|0x0000000085100000, 0x0000000085100000, 0x0000000085200000|  0%| F|  |TAMS 0x0000000085100000, 0x0000000085100000| Untracked 
|  56|0x0000000085200000, 0x0000000085200000, 0x0000000085300000|  0%| F|  |TAMS 0x0000000085200000, 0x0000000085200000| Untracked 
|  57|0x0000000085300000, 0x0000000085300000, 0x0000000085400000|  0%| F|  |TAMS 0x0000000085300000, 0x0000000085300000| Untracked 
|  58|0x0000000085400000, 0x0000000085400000, 0x0000000085500000|  0%| F|  |TAMS 0x0000000085400000, 0x0000000085400000| Untracked 
|  59|0x0000000085500000, 0x0000000085500000, 0x0000000085600000|  0%| F|  |TAMS 0x0000000085500000, 0x0000000085500000| Untracked 
|  60|0x0000000085600000, 0x0000000085600000, 0x0000000085700000|  0%| F|  |TAMS 0x0000000085600000, 0x0000000085600000| Untracked 
|  61|0x0000000085700000, 0x0000000085700000, 0x0000000085800000|  0%| F|  |TAMS 0x0000000085700000, 0x0000000085700000| Untracked 
|  62|0x0000000085800000, 0x0000000085800000, 0x0000000085900000|  0%| F|  |TAMS 0x0000000085800000, 0x0000000085800000| Untracked 
|  63|0x0000000085900000, 0x0000000085900000, 0x0000000085a00000|  0%| F|  |TAMS 0x0000000085900000, 0x0000000085900000| Untracked 
|  64|0x0000000085a00000, 0x0000000085a00000, 0x0000000085b00000|  0%| F|  |TAMS 0x0000000085a00000, 0x0000000085a00000| Untracked 
|  65|0x0000000085b00000, 0x0000000085b00000, 0x0000000085c00000|  0%| F|  |TAMS 0x0000000085b00000, 0x0000000085b00000| Untracked 
|  66|0x0000000085c00000, 0x0000000085c00000, 0x0000000085d00000|  0%| F|  |TAMS 0x0000000085c00000, 0x0000000085c00000| Untracked 
|  67|0x0000000085d00000, 0x0000000085d00000, 0x0000000085e00000|  0%| F|  |TAMS 0x0000000085d00000, 0x0000000085d00000| Untracked 
|  68|0x0000000085e00000, 0x0000000085e00000, 0x0000000085f00000|  0%| F|  |TAMS 0x0000000085e00000, 0x0000000085e00000| Untracked 
|  69|0x0000000085f00000, 0x0000000085f00000, 0x0000000086000000|  0%| F|  |TAMS 0x0000000085f00000, 0x0000000085f00000| Untracked 
|  70|0x0000000086000000, 0x0000000086000000, 0x0000000086100000|  0%| F|  |TAMS 0x0000000086000000, 0x0000000086000000| Untracked 
|  71|0x0000000086100000, 0x0000000086100000, 0x0000000086200000|  0%| F|  |TAMS 0x0000000086100000, 0x0000000086100000| Untracked 
|  72|0x0000000086200000, 0x0000000086200000, 0x0000000086300000|  0%| F|  |TAMS 0x0000000086200000, 0x0000000086200000| Untracked 
|  73|0x0000000086300000, 0x0000000086300000, 0x0000000086400000|  0%| F|  |TAMS 0x0000000086300000, 0x0000000086300000| Untracked 
|  74|0x0000000086400000, 0x0000000086400000, 0x0000000086500000|  0%| F|  |TAMS 0x0000000086400000, 0x0000000086400000| Untracked 
|  75|0x0000000086500000, 0x0000000086500000, 0x0000000086600000|  0%| F|  |TAMS 0x0000000086500000, 0x0000000086500000| Untracked 
|  76|0x0000000086600000, 0x0000000086600000, 0x0000000086700000|  0%| F|  |TAMS 0x0000000086600000, 0x0000000086600000| Untracked 
|  77|0x0000000086700000, 0x0000000086700000, 0x0000000086800000|  0%| F|  |TAMS 0x0000000086700000, 0x0000000086700000| Untracked 
|  78|0x0000000086800000, 0x0000000086800000, 0x0000000086900000|  0%| F|  |TAMS 0x0000000086800000, 0x0000000086800000| Untracked 
|  79|0x0000000086900000, 0x0000000086900000, 0x0000000086a00000|  0%| F|  |TAMS 0x0000000086900000, 0x0000000086900000| Untracked 
|  80|0x0000000086a00000, 0x0000000086a00000, 0x0000000086b00000|  0%| F|  |TAMS 0x0000000086a00000, 0x0000000086a00000| Untracked 
|  81|0x0000000086b00000, 0x0000000086b00000, 0x0000000086c00000|  0%| F|  |TAMS 0x0000000086b00000, 0x0000000086b00000| Untracked 
|  82|0x0000000086c00000, 0x0000000086c00000, 0x0000000086d00000|  0%| F|  |TAMS 0x0000000086c00000, 0x0000000086c00000| Untracked 
|  83|0x0000000086d00000, 0x0000000086d00000, 0x0000000086e00000|  0%| F|  |TAMS 0x0000000086d00000, 0x0000000086d00000| Untracked 
|  84|0x0000000086e00000, 0x0000000086e00000, 0x0000000086f00000|  0%| F|  |TAMS 0x0000000086e00000, 0x0000000086e00000| Untracked 
|  85|0x0000000086f00000, 0x0000000086f00000, 0x0000000087000000|  0%| F|  |TAMS 0x0000000086f00000, 0x0000000086f00000| Untracked 
|  86|0x0000000087000000, 0x0000000087000000, 0x0000000087100000|  0%| F|  |TAMS 0x0000000087000000, 0x0000000087000000| Untracked 
|  87|0x0000000087100000, 0x0000000087100000, 0x0000000087200000|  0%| F|  |TAMS 0x0000000087100000, 0x0000000087100000| Untracked 
|  88|0x0000000087200000, 0x0000000087200000, 0x0000000087300000|  0%| F|  |TAMS 0x0000000087200000, 0x0000000087200000| Untracked 
|  89|0x0000000087300000, 0x0000000087300000, 0x0000000087400000|  0%| F|  |TAMS 0x0000000087300000, 0x0000000087300000| Untracked 
|  90|0x0000000087400000, 0x0000000087400000, 0x0000000087500000|  0%| F|  |TAMS 0x0000000087400000, 0x0000000087400000| Untracked 
|  91|0x0000000087500000, 0x0000000087500000, 0x0000000087600000|  0%| F|  |TAMS 0x0000000087500000, 0x0000000087500000| Untracked 
|  92|0x0000000087600000, 0x0000000087600000, 0x0000000087700000|  0%| F|  |TAMS 0x0000000087600000, 0x0000000087600000| Untracked 
|  93|0x0000000087700000, 0x0000000087700000, 0x0000000087800000|  0%| F|  |TAMS 0x0000000087700000, 0x0000000087700000| Untracked 
|  94|0x0000000087800000, 0x0000000087800000, 0x0000000087900000|  0%| F|  |TAMS 0x0000000087800000, 0x0000000087800000| Untracked 
|  95|0x0000000087900000, 0x0000000087900000, 0x0000000087a00000|  0%| F|  |TAMS 0x0000000087900000, 0x0000000087900000| Untracked 
|  96|0x0000000087a00000, 0x0000000087a00000, 0x0000000087b00000|  0%| F|  |TAMS 0x0000000087a00000, 0x0000000087a00000| Untracked 
|  97|0x0000000087b00000, 0x0000000087b00000, 0x0000000087c00000|  0%| F|  |TAMS 0x0000000087b00000, 0x0000000087b00000| Untracked 
|  98|0x0000000087c00000, 0x0000000087c00000, 0x0000000087d00000|  0%| F|  |TAMS 0x0000000087c00000, 0x0000000087c00000| Untracked 
|  99|0x0000000087d00000, 0x0000000087d00000, 0x0000000087e00000|  0%| F|  |TAMS 0x0000000087d00000, 0x0000000087d00000| Untracked 
| 100|0x0000000087e00000, 0x0000000087e00000, 0x0000000087f00000|  0%| F|  |TAMS 0x0000000087e00000, 0x0000000087e00000| Untracked 
| 101|0x0000000087f00000, 0x0000000087f00000, 0x0000000088000000|  0%| F|  |TAMS 0x0000000087f00000, 0x0000000087f00000| Untracked 
| 102|0x0000000088000000, 0x0000000088000000, 0x0000000088100000|  0%| F|  |TAMS 0x0000000088000000, 0x0000000088000000| Untracked 
| 103|0x0000000088100000, 0x0000000088100000, 0x0000000088200000|  0%| F|  |TAMS 0x0000000088100000, 0x0000000088100000| Untracked 
| 104|0x0000000088200000, 0x0000000088200000, 0x0000000088300000|  0%| F|  |TAMS 0x0000000088200000, 0x0000000088200000| Untracked 
| 105|0x0000000088300000, 0x0000000088300000, 0x0000000088400000|  0%| F|  |TAMS 0x0000000088300000, 0x0000000088300000| Untracked 
| 106|0x0000000088400000, 0x0000000088400000, 0x0000000088500000|  0%| F|  |TAMS 0x0000000088400000, 0x0000000088400000| Untracked 
| 107|0x0000000088500000, 0x0000000088500000, 0x0000000088600000|  0%| F|  |TAMS 0x0000000088500000, 0x0000000088500000| Untracked 
| 108|0x0000000088600000, 0x0000000088600000, 0x0000000088700000|  0%| F|  |TAMS 0x0000000088600000, 0x0000000088600000| Untracked 
| 109|0x0000000088700000, 0x0000000088700000, 0x0000000088800000|  0%| F|  |TAMS 0x0000000088700000, 0x0000000088700000| Untracked 
| 110|0x0000000088800000, 0x0000000088800000, 0x0000000088900000|  0%| F|  |TAMS 0x0000000088800000, 0x0000000088800000| Untracked 
| 111|0x0000000088900000, 0x000000008892c068, 0x0000000088a00000| 17%| E|  |TAMS 0x0000000088900000, 0x0000000088900000| Complete 
| 112|0x0000000088a00000, 0x0000000088b00000, 0x0000000088b00000|100%| E|CS|TAMS 0x0000000088a00000, 0x0000000088a00000| Complete 
| 113|0x0000000088b00000, 0x0000000088c00000, 0x0000000088c00000|100%| S|CS|TAMS 0x0000000088b00000, 0x0000000088b00000| Complete 
| 114|0x0000000088c00000, 0x0000000088d00000, 0x0000000088d00000|100%| S|CS|TAMS 0x0000000088c00000, 0x0000000088c00000| Complete 
| 115|0x0000000088d00000, 0x0000000088e00000, 0x0000000088e00000|100%| E|CS|TAMS 0x0000000088d00000, 0x0000000088d00000| Complete 
| 116|0x0000000088e00000, 0x0000000088f00000, 0x0000000088f00000|100%| E|CS|TAMS 0x0000000088e00000, 0x0000000088e00000| Complete 
| 117|0x0000000088f00000, 0x0000000089000000, 0x0000000089000000|100%| E|CS|TAMS 0x0000000088f00000, 0x0000000088f00000| Complete 
| 118|0x0000000089000000, 0x0000000089100000, 0x0000000089100000|100%| E|CS|TAMS 0x0000000089000000, 0x0000000089000000| Complete 
| 119|0x0000000089100000, 0x0000000089200000, 0x0000000089200000|100%| E|CS|TAMS 0x0000000089100000, 0x0000000089100000| Complete 
| 120|0x0000000089200000, 0x0000000089300000, 0x0000000089300000|100%| E|CS|TAMS 0x0000000089200000, 0x0000000089200000| Complete 
| 121|0x0000000089300000, 0x0000000089400000, 0x0000000089400000|100%| E|CS|TAMS 0x0000000089300000, 0x0000000089300000| Complete 
| 122|0x0000000089400000, 0x0000000089500000, 0x0000000089500000|100%| E|CS|TAMS 0x0000000089400000, 0x0000000089400000| Complete 
| 123|0x0000000089500000, 0x0000000089600000, 0x0000000089600000|100%| E|CS|TAMS 0x0000000089500000, 0x0000000089500000| Complete 
| 124|0x0000000089600000, 0x0000000089700000, 0x0000000089700000|100%| E|CS|TAMS 0x0000000089600000, 0x0000000089600000| Complete 
| 125|0x0000000089700000, 0x0000000089800000, 0x0000000089800000|100%| E|CS|TAMS 0x0000000089700000, 0x0000000089700000| Complete 
| 126|0x0000000089800000, 0x0000000089900000, 0x0000000089900000|100%| E|CS|TAMS 0x0000000089800000, 0x0000000089800000| Complete 
| 127|0x0000000089900000, 0x0000000089a00000, 0x0000000089a00000|100%| E|CS|TAMS 0x0000000089900000, 0x0000000089900000| Complete 

Card table byte_map: [0x0000018e2a560000,0x0000018e2a960000] _byte_map_base: 0x0000018e2a153000

Marking Bits (Prev, Next): (CMBitMap*) 0x0000018e15cbd410, (CMBitMap*) 0x0000018e15cbd450
 Prev Bits: [0x0000018e2ad60000, 0x0000018e2ccf8000)
 Next Bits: [0x0000018e2cd00000, 0x0000018e2ec98000)

Polling page: 0x0000018e15d60000

Metaspace:

Usage:
  Non-class:     11.51 MB used.
      Class:      1.15 MB used.
       Both:     12.65 MB used.

Virtual space:
  Non-class space:       16.00 MB reserved,      11.56 MB ( 72%) committed,  2 nodes.
      Class space:        1.00 GB reserved,       1.19 MB ( <1%) committed,  1 nodes.
             Both:        1.02 GB reserved,      12.75 MB (  1%) committed. 

Chunk freelists:
   Non-Class:  321.00 KB
       Class:  2.63 MB
        Both:  2.94 MB

MaxMetaspaceSize: unlimited
CompressedClassSpaceSize: 1.00 GB
Initial GC threshold: 21.00 MB
Current GC threshold: 21.00 MB
CDS: off
MetaspaceReclaimPolicy: balanced
 - commit_granule_bytes: 65536.
 - commit_granule_words: 8192.
 - virtual_space_node_default_size: 1048576.
 - enlarge_chunks_in_place: 1.
 - new_chunks_are_fully_committed: 0.
 - uncommit_free_chunks: 1.
 - use_allocation_guard: 0.
 - handle_deallocations: 1.


Internal statistics:

num_allocs_failed_limit: 0.
num_arena_births: 48.
num_arena_deaths: 0.
num_vsnodes_births: 3.
num_vsnodes_deaths: 0.
num_space_committed: 204.
num_space_uncommitted: 0.
num_chunks_returned_to_freelist: 0.
num_chunks_taken_from_freelist: 185.
num_chunk_merges: 0.
num_chunk_splits: 111.
num_chunks_enlarged: 75.
num_purges: 0.
num_inconsistent_stats: 0.

CodeHeap 'non-profiled nmethods': size=120000Kb used=502Kb max_used=502Kb free=119497Kb
 bounds [0x0000018e22610000, 0x0000018e22880000, 0x0000018e29b40000]
CodeHeap 'profiled nmethods': size=120000Kb used=2617Kb max_used=2617Kb free=117382Kb
 bounds [0x0000018e1b0e0000, 0x0000018e1b370000, 0x0000018e22610000]
CodeHeap 'non-nmethods': size=5760Kb used=1153Kb max_used=1221Kb free=4607Kb
 bounds [0x0000018e1ab40000, 0x0000018e1adb0000, 0x0000018e1b0e0000]
 total_blobs=1795 nmethods=1352 adapters=356
 compilation: enabled
              stopped_count=0, restarted_count=0
 full_count=0

Compilation events (20 events):
Event: 43.137 Thread 0x0000018e3130fdb0 nmethod 1342 0x0000018e2268cc90 code [0x0000018e2268ce40, 0x0000018e2268d428]
Event: 44.273 Thread 0x0000018e3132f500 1343       3       java.lang.reflect.Field::getAnnotation (23 bytes)
Event: 44.274 Thread 0x0000018e3132f500 nmethod 1343 0x0000018e1b35e910 code [0x0000018e1b35eb20, 0x0000018e1b35f1a8]
Event: 44.274 Thread 0x0000018e3132f500 1344       3       com.google.gson.JsonObject::entrySet (8 bytes)
Event: 44.275 Thread 0x0000018e3132f500 nmethod 1344 0x0000018e1b35f410 code [0x0000018e1b35f5c0, 0x0000018e1b35f708]
Event: 44.275 Thread 0x0000018e3132f500 1345       3       java.lang.String::valueOf (15 bytes)
Event: 44.275 Thread 0x0000018e3132f500 nmethod 1345 0x0000018e1b35f810 code [0x0000018e1b35f9c0, 0x0000018e1b35fbc8]
Event: 44.358 Thread 0x0000018e3132f500 1347       3       java.util.concurrent.locks.AbstractQueuedSynchronizer::enqueue (60 bytes)
Event: 44.359 Thread 0x0000018e3132f500 nmethod 1347 0x0000018e1b35fc90 code [0x0000018e1b35fe80, 0x0000018e1b360318]
Event: 44.359 Thread 0x0000018e3132f500 1348       3       java.util.concurrent.locks.LockSupport::unpark (12 bytes)
Event: 44.359 Thread 0x0000018e3132f500 nmethod 1348 0x0000018e1b360510 code [0x0000018e1b3606c0, 0x0000018e1b360828]
Event: 44.424 Thread 0x0000018e3132f500 1349       3       com.microsoft.playwright.impl.BrowserContextImpl::handleEvent (694 bytes)
Event: 44.435 Thread 0x0000018e3132f500 nmethod 1349 0x0000018e1b360910 code [0x0000018e1b361740, 0x0000018e1b36a518]
Event: 44.514 Thread 0x0000018e3132f500 1350       3       com.google.gson.internal.bind.ReflectiveTypeAdapterFactory::excludeField (10 bytes)
Event: 44.516 Thread 0x0000018e3132f500 nmethod 1350 0x0000018e1b36d390 code [0x0000018e1b36d560, 0x0000018e1b36d948]
Event: 44.516 Thread 0x0000018e3132f500 1351       3       java.io.StringWriter::write (14 bytes)
Event: 44.516 Thread 0x0000018e3132f500 nmethod 1351 0x0000018e1b36db10 code [0x0000018e1b36dcc0, 0x0000018e1b36df88]
Event: 44.517 Thread 0x0000018e3132f500 1352  s    3       java.lang.StringBuffer::append (15 bytes)
Event: 44.517 Thread 0x0000018e3132f500 nmethod 1352 0x0000018e1b36e110 code [0x0000018e1b36e2c0, 0x0000018e1b36e4e8]
Event: 45.256 Thread 0x0000018e3130fdb0 1353       4       com.google.gson.internal.LinkedTreeMap::rebalance (379 bytes)

GC Heap History (2 events):
Event: 14.426 GC heap before
{Heap before GC invocations=0 (full 0):
 garbage-first heap   total 131072K, used 12288K [0x0000000081a00000, 0x0000000100000000)
  region size 1024K, 13 young (13312K), 0 survivors (0K)
 Metaspace       used 10047K, committed 10304K, reserved 1064960K
  class space    used 879K, committed 1024K, reserved 1048576K
}
Event: 14.430 GC heap after
{Heap after GC invocations=1 (full 0):
 garbage-first heap   total 131072K, used 2237K [0x0000000081a00000, 0x0000000100000000)
  region size 1024K, 2 young (2048K), 2 survivors (2048K)
 Metaspace       used 10047K, committed 10304K, reserved 1064960K
  class space    used 879K, committed 1024K, reserved 1048576K
}

Deoptimization events (20 events):
Event: 15.077 Thread 0x0000018e15c7d890 DEOPT PACKING pc=0x0000018e22655328 sp=0x0000006c77ffe550
Event: 15.077 Thread 0x0000018e15c7d890 DEOPT UNPACKING pc=0x0000018e1ab923a3 sp=0x0000006c77ffe478 mode 2
Event: 16.714 Thread 0x0000018e324574b0 DEOPT PACKING pc=0x0000018e1b1f9e54 sp=0x0000006c795fee50
Event: 16.714 Thread 0x0000018e324574b0 DEOPT UNPACKING pc=0x0000018e1ab92b43 sp=0x0000006c795fe2d8 mode 0
Event: 17.471 Thread 0x0000018e324574b0 Uncommon trap: trap_request=0xffffff45 fr.pc=0x0000018e22668f4c relative=0x0000000000000bac
Event: 17.471 Thread 0x0000018e324574b0 Uncommon trap: reason=unstable_if action=reinterpret pc=0x0000018e22668f4c method=com.google.gson.stream.JsonReader.nextQuotedValue(C)Ljava/lang/String; @ 96 c2
Event: 17.471 Thread 0x0000018e324574b0 DEOPT PACKING pc=0x0000018e22668f4c sp=0x0000006c795fe5a0
Event: 17.471 Thread 0x0000018e324574b0 DEOPT UNPACKING pc=0x0000018e1ab923a3 sp=0x0000006c795fe558 mode 2
Event: 17.473 Thread 0x0000018e15c7d890 Uncommon trap: trap_request=0xffffff45 fr.pc=0x0000018e226531f4 relative=0x0000000000000714
Event: 17.473 Thread 0x0000018e15c7d890 Uncommon trap: reason=unstable_if action=reinterpret pc=0x0000018e226531f4 method=java.util.HashMap.putVal(ILjava/lang/Object;Ljava/lang/Object;ZZ)Ljava/lang/Object; @ 81 c2
Event: 17.473 Thread 0x0000018e15c7d890 DEOPT PACKING pc=0x0000018e226531f4 sp=0x0000006c77ffe9a0
Event: 17.473 Thread 0x0000018e15c7d890 DEOPT UNPACKING pc=0x0000018e1ab923a3 sp=0x0000006c77ffe920 mode 2
Event: 18.876 Thread 0x0000018e324574b0 DEOPT PACKING pc=0x0000018e1b129856 sp=0x0000006c795fee10
Event: 18.876 Thread 0x0000018e324574b0 DEOPT UNPACKING pc=0x0000018e1ab92b43 sp=0x0000006c795fe298 mode 0
Event: 37.469 Thread 0x0000018e324574b0 Uncommon trap: trap_request=0xffffff45 fr.pc=0x0000018e22674180 relative=0x0000000000000780
Event: 37.469 Thread 0x0000018e324574b0 Uncommon trap: reason=unstable_if action=reinterpret pc=0x0000018e22674180 method=com.google.gson.stream.JsonReader.doPeek()I @ 525 c2
Event: 37.469 Thread 0x0000018e324574b0 DEOPT PACKING pc=0x0000018e22674180 sp=0x0000006c795fe820
Event: 37.469 Thread 0x0000018e324574b0 DEOPT UNPACKING pc=0x0000018e1ab923a3 sp=0x0000006c795fe7d0 mode 2
Event: 40.051 Thread 0x0000018e324574b0 DEOPT PACKING pc=0x0000018e1b2e104b sp=0x0000006c795fe8b0
Event: 40.051 Thread 0x0000018e324574b0 DEOPT UNPACKING pc=0x0000018e1ab92b43 sp=0x0000006c795fdd60 mode 0

Classes unloaded (0 events):
No events

Classes redefined (0 events):
No events

Internal exceptions (20 events):
Event: 1.656 Thread 0x0000018e15c7d890 Exception <a 'sun/nio/fs/WindowsException'{0x0000000088eb1ee0}> (0x0000000088eb1ee0) 
thrown [e:\jenkins\tmp\workspace\build\src\src\hotspot\share\prims\jni.cpp, line 516]
Event: 1.656 Thread 0x0000018e15c7d890 Exception <a 'sun/nio/fs/WindowsException'{0x0000000088eb22a0}> (0x0000000088eb22a0) 
thrown [e:\jenkins\tmp\workspace\build\src\src\hotspot\share\prims\jni.cpp, line 516]
Event: 1.666 Thread 0x0000018e15c7d890 Exception <a 'sun/nio/fs/WindowsException'{0x0000000088eb7ff8}> (0x0000000088eb7ff8) 
thrown [e:\jenkins\tmp\workspace\build\src\src\hotspot\share\prims\jni.cpp, line 516]
Event: 1.666 Thread 0x0000018e15c7d890 Exception <a 'sun/nio/fs/WindowsException'{0x0000000088eb83d8}> (0x0000000088eb83d8) 
thrown [e:\jenkins\tmp\workspace\build\src\src\hotspot\share\prims\jni.cpp, line 516]
Event: 1.667 Thread 0x0000018e15c7d890 Exception <a 'sun/nio/fs/WindowsException'{0x0000000088ebc4b8}> (0x0000000088ebc4b8) 
thrown [e:\jenkins\tmp\workspace\build\src\src\hotspot\share\prims\jni.cpp, line 516]
Event: 1.668 Thread 0x0000018e15c7d890 Exception <a 'sun/nio/fs/WindowsException'{0x0000000088ebc898}> (0x0000000088ebc898) 
thrown [e:\jenkins\tmp\workspace\build\src\src\hotspot\share\prims\jni.cpp, line 516]
Event: 1.669 Thread 0x0000018e15c7d890 Exception <a 'sun/nio/fs/WindowsException'{0x0000000088ec0890}> (0x0000000088ec0890) 
thrown [e:\jenkins\tmp\workspace\build\src\src\hotspot\share\prims\jni.cpp, line 516]
Event: 1.669 Thread 0x0000018e15c7d890 Exception <a 'sun/nio/fs/WindowsException'{0x0000000088ec0c78}> (0x0000000088ec0c78) 
thrown [e:\jenkins\tmp\workspace\build\src\src\hotspot\share\prims\jni.cpp, line 516]
Event: 1.671 Thread 0x0000018e15c7d890 Exception <a 'sun/nio/fs/WindowsException'{0x0000000088ec4a70}> (0x0000000088ec4a70) 
thrown [e:\jenkins\tmp\workspace\build\src\src\hotspot\share\prims\jni.cpp, line 516]
Event: 1.671 Thread 0x0000018e15c7d890 Exception <a 'sun/nio/fs/WindowsException'{0x0000000088ec4df0}> (0x0000000088ec4df0) 
thrown [e:\jenkins\tmp\workspace\build\src\src\hotspot\share\prims\jni.cpp, line 516]
Event: 1.675 Thread 0x0000018e15c7d890 Exception <a 'sun/nio/fs/WindowsException'{0x0000000088ec8eb0}> (0x0000000088ec8eb0) 
thrown [e:\jenkins\tmp\workspace\build\src\src\hotspot\share\prims\jni.cpp, line 516]
Event: 1.675 Thread 0x0000018e15c7d890 Exception <a 'sun/nio/fs/WindowsException'{0x0000000088ec9290}> (0x0000000088ec9290) 
thrown [e:\jenkins\tmp\workspace\build\src\src\hotspot\share\prims\jni.cpp, line 516]
Event: 1.974 Thread 0x0000018e15c7d890 Exception <a 'java/lang/NoSuchMethodError'{0x0000000088edbed0}: 'void java.lang.invoke.DirectMethodHandle$Holder.invokeStatic(java.lang.Object, long)'> (0x0000000088edbed0) 
thrown [e:\jenkins\tmp\workspace\build\src\src\hotspot\share\interpreter\linkResolver.cpp, line 766]
Event: 1.981 Thread 0x0000018e15c7d890 Exception <a 'java/lang/NoSuchMethodError'{0x0000000088ee15e8}: 'java.lang.Object java.lang.invoke.DirectMethodHandle$Holder.newInvokeSpecial(java.lang.Object, long)'> (0x0000000088ee15e8) 
thrown [e:\jenkins\tmp\workspace\build\src\src\hotspot\share\interpreter\linkResolver.cpp, line 766]
Event: 2.006 Thread 0x0000018e15c7d890 Exception <a 'java/lang/NoSuchMethodError'{0x0000000088eec790}: 'java.lang.Object java.lang.invoke.DirectMethodHandle$Holder.invokeStaticInit(java.lang.Object, java.lang.Object, long, java.lang.Object)'> (0x0000000088eec790) 
thrown [e:\jenkins\tmp\workspace\build\src\src\hotspot\share\interpreter\linkResolver.cpp, line 766]
Event: 2.010 Thread 0x0000018e15c7d890 Exception <a 'java/lang/NoSuchMethodError'{0x0000000088ef2e50}: 'java.lang.Object java.lang.invoke.DirectMethodHandle$Holder.newInvokeSpecial(java.lang.Object, java.lang.Object, long)'> (0x0000000088ef2e50) 
thrown [e:\jenkins\tmp\workspace\build\src\src\hotspot\share\interpreter\linkResolver.cpp, line 766]
Event: 2.011 Thread 0x0000018e15c7d890 Exception <a 'java/lang/NoSuchMethodError'{0x0000000088ef7140}: 'java.lang.Object java.lang.invoke.Invokers$Holder.linkToTargetMethod(java.lang.Object, long, java.lang.Object)'> (0x0000000088ef7140) 
thrown [e:\jenkins\tmp\workspace\build\src\src\hotspot\share\interpreter\linkResolver.cpp, line 766]
Event: 14.539 Thread 0x0000018e324574b0 Implicit null exception at 0x0000018e2262c260 to 0x0000018e2262c2e8
Event: 15.090 Thread 0x0000018e15c7d890 Exception <a 'java/lang/NoSuchMethodError'{0x0000000089690028}: 'void java.lang.invoke.DirectMethodHandle$Holder.invokeStatic(java.lang.Object, java.lang.Object, java.lang.Object)'> (0x0000000089690028) 
thrown [e:\jenkins\tmp\workspace\build\src\src\hotspot\share\interpreter\linkResolver.cpp, line 766]
Event: 34.943 Thread 0x0000018e15c7d890 Exception <a 'java/lang/NoSuchMethodError'{0x000000008921cc90}: 'void java.lang.invoke.DirectMethodHandle$Holder.invokeSpecial(java.lang.Object, java.lang.Object, java.lang.Object, java.lang.Object, java.lang.Object)'> (0x000000008921cc90) 
thrown [e:\jenkins\tmp\workspace\build\src\src\hotspot\share\interpreter\linkResolver.cpp, line 766]

VM Operations (20 events):
Event: 33.644 Executing VM operation: Cleanup
Event: 33.645 Executing VM operation: Cleanup done
Event: 34.653 Executing VM operation: Cleanup
Event: 34.653 Executing VM operation: Cleanup done
Event: 35.664 Executing VM operation: Cleanup
Event: 35.664 Executing VM operation: Cleanup done
Event: 36.676 Executing VM operation: Cleanup
Event: 36.676 Executing VM operation: Cleanup done
Event: 37.691 Executing VM operation: Cleanup
Event: 37.691 Executing VM operation: Cleanup done
Event: 38.703 Executing VM operation: Cleanup
Event: 38.703 Executing VM operation: Cleanup done
Event: 41.740 Executing VM operation: Cleanup
Event: 41.740 Executing VM operation: Cleanup done
Event: 42.749 Executing VM operation: Cleanup
Event: 42.749 Executing VM operation: Cleanup done
Event: 43.759 Executing VM operation: Cleanup
Event: 43.759 Executing VM operation: Cleanup done
Event: 44.769 Executing VM operation: Cleanup
Event: 44.769 Executing VM operation: Cleanup done

Events (20 events):
Event: 17.440 loading class java/lang/reflect/ProxyGenerator$ProxyMethod
Event: 17.440 loading class java/lang/reflect/ProxyGenerator$ProxyMethod done
Event: 17.440 loading class java/util/StringJoiner
Event: 17.441 loading class java/util/StringJoiner done
Event: 17.445 loading class java/lang/reflect/ProxyGenerator$PrimitiveTypeInfo
Event: 17.445 loading class java/lang/reflect/ProxyGenerator$PrimitiveTypeInfo done
Event: 17.445 loading class jdk/internal/org/objectweb/asm/Edge
Event: 17.445 loading class jdk/internal/org/objectweb/asm/Edge done
Event: 17.446 loading class java/lang/reflect/Proxy$ProxyBuilder$1
Event: 17.446 loading class java/lang/reflect/Proxy$ProxyBuilder$1 done
Event: 18.857 loading class jdk/internal/math/FDBigInteger
Event: 18.860 loading class jdk/internal/math/FDBigInteger done
Event: 18.863 loading class jdk/internal/reflect/UnsafeDoubleFieldAccessorImpl
Event: 18.863 loading class jdk/internal/reflect/UnsafeDoubleFieldAccessorImpl done
Event: 35.156 loading class java/util/Base64
Event: 35.157 loading class java/util/Base64 done
Event: 35.157 loading class java/util/Base64$Decoder
Event: 35.157 loading class java/util/Base64$Decoder done
Event: 35.157 loading class java/util/Base64$Encoder
Event: 35.158 loading class java/util/Base64$Encoder done


Dynamic libraries:
0x00007ff61f5d0000 - 0x00007ff61f5de000 	C:\Users\anitha.s\.p2\pool\plugins\org.eclipse.justj.openjdk.hotspot.jre.full.win32.x86_64_17.0.2.v20220201-1208\jre\bin\javaw.exe
0x00007ffd34910000 - 0x00007ffd34b08000 	C:\WINDOWS\SYSTEM32\ntdll.dll
0x00007ffd33a80000 - 0x00007ffd33b3f000 	C:\WINDOWS\System32\KERNEL32.DLL
0x00007ffd32000000 - 0x00007ffd322d2000 	C:\WINDOWS\System32\KERNELBASE.dll
0x00007ffd325b0000 - 0x00007ffd326b0000 	C:\WINDOWS\System32\ucrtbase.dll
0x00007ffd28c50000 - 0x00007ffd28c69000 	C:\Users\anitha.s\.p2\pool\plugins\org.eclipse.justj.openjdk.hotspot.jre.full.win32.x86_64_17.0.2.v20220201-1208\jre\bin\VCRUNTIME140.dll
0x00007ffd0e530000 - 0x00007ffd0e548000 	C:\Users\anitha.s\.p2\pool\plugins\org.eclipse.justj.openjdk.hotspot.jre.full.win32.x86_64_17.0.2.v20220201-1208\jre\bin\jli.dll
0x00007ffd33870000 - 0x00007ffd33a11000 	C:\WINDOWS\System32\USER32.dll
0x00007ffd23ee0000 - 0x00007ffd2417a000 	C:\WINDOWS\WinSxS\amd64_microsoft.windows.common-controls_6595b64144ccf1df_6.0.19041.1110_none_60b5254171f9507e\COMCTL32.dll
0x00007ffd33270000 - 0x00007ffd3330e000 	C:\WINDOWS\System32\msvcrt.dll
0x00007ffd32720000 - 0x00007ffd32742000 	C:\WINDOWS\System32\win32u.dll
0x00007ffd34770000 - 0x00007ffd3479b000 	C:\WINDOWS\System32\GDI32.dll
0x00007ffd324a0000 - 0x00007ffd325af000 	C:\WINDOWS\System32\gdi32full.dll
0x00007ffd328b0000 - 0x00007ffd3294d000 	C:\WINDOWS\System32\msvcp_win.dll
0x00007ffd33bb0000 - 0x00007ffd33be2000 	C:\WINDOWS\System32\IMM32.DLL
0x00007ffd2a690000 - 0x00007ffd2a69c000 	C:\Users\anitha.s\.p2\pool\plugins\org.eclipse.justj.openjdk.hotspot.jre.full.win32.x86_64_17.0.2.v20220201-1208\jre\bin\vcruntime140_1.dll
0x00007ffd0e490000 - 0x00007ffd0e521000 	C:\Users\anitha.s\.p2\pool\plugins\org.eclipse.justj.openjdk.hotspot.jre.full.win32.x86_64_17.0.2.v20220201-1208\jre\bin\msvcp140.dll
0x00007ffcba480000 - 0x00007ffcbb0c7000 	C:\Users\anitha.s\.p2\pool\plugins\org.eclipse.justj.openjdk.hotspot.jre.full.win32.x86_64_17.0.2.v20220201-1208\jre\bin\server\jvm.dll
0x00007ffd33430000 - 0x00007ffd334de000 	C:\WINDOWS\System32\ADVAPI32.dll
0x00007ffd334e0000 - 0x00007ffd3357c000 	C:\WINDOWS\System32\sechost.dll
0x00007ffd32e80000 - 0x00007ffd32fa5000 	C:\WINDOWS\System32\RPCRT4.dll
0x00007ffd32950000 - 0x00007ffd32958000 	C:\WINDOWS\System32\PSAPI.DLL
0x00007ffd259c0000 - 0x00007ffd259c9000 	C:\WINDOWS\SYSTEM32\WSOCK32.dll
0x00007ffd33b40000 - 0x00007ffd33bab000 	C:\WINDOWS\System32\WS2_32.dll
0x00007ffd29ce0000 - 0x00007ffd29d07000 	C:\WINDOWS\SYSTEM32\WINMM.dll
0x00007ffd2c940000 - 0x00007ffd2c94a000 	C:\WINDOWS\SYSTEM32\VERSION.dll
0x00007ffd2fde0000 - 0x00007ffd2fdf2000 	C:\WINDOWS\SYSTEM32\kernel.appcore.dll
0x00007ffd18800000 - 0x00007ffd1880a000 	C:\Users\anitha.s\.p2\pool\plugins\org.eclipse.justj.openjdk.hotspot.jre.full.win32.x86_64_17.0.2.v20220201-1208\jre\bin\jimage.dll
0x00007ffd2dc20000 - 0x00007ffd2de04000 	C:\WINDOWS\SYSTEM32\DBGHELP.DLL
0x00007ffd2af70000 - 0x00007ffd2afa5000 	C:\WINDOWS\SYSTEM32\dbgcore.DLL
0x00007ffd322e0000 - 0x00007ffd32362000 	C:\WINDOWS\System32\bcryptPrimitives.dll
0x00007ffcbf3a0000 - 0x00007ffcbf3c5000 	C:\Users\anitha.s\.p2\pool\plugins\org.eclipse.justj.openjdk.hotspot.jre.full.win32.x86_64_17.0.2.v20220201-1208\jre\bin\java.dll
0x00007ffcbf380000 - 0x00007ffcbf398000 	C:\Users\anitha.s\.p2\pool\plugins\org.eclipse.justj.openjdk.hotspot.jre.full.win32.x86_64_17.0.2.v20220201-1208\jre\bin\zip.dll
0x00007ffd34020000 - 0x00007ffd34764000 	C:\WINDOWS\System32\SHELL32.dll
0x00007ffd300c0000 - 0x00007ffd30852000 	C:\WINDOWS\SYSTEM32\windows.storage.dll
0x00007ffd33bf0000 - 0x00007ffd33f45000 	C:\WINDOWS\System32\combase.dll
0x00007ffd31980000 - 0x00007ffd319b0000 	C:\WINDOWS\SYSTEM32\Wldp.dll
0x00007ffd33160000 - 0x00007ffd3320d000 	C:\WINDOWS\System32\SHCORE.dll
0x00007ffd33650000 - 0x00007ffd336a5000 	C:\WINDOWS\System32\shlwapi.dll
0x00007ffd31f40000 - 0x00007ffd31f5f000 	C:\WINDOWS\SYSTEM32\profapi.dll
0x00007ffcbf360000 - 0x00007ffcbf379000 	C:\Users\anitha.s\.p2\pool\plugins\org.eclipse.justj.openjdk.hotspot.jre.full.win32.x86_64_17.0.2.v20220201-1208\jre\bin\net.dll
0x00007ffd2a2b0000 - 0x00007ffd2a3bc000 	C:\WINDOWS\SYSTEM32\WINHTTP.dll
0x00007ffd316e0000 - 0x00007ffd3174a000 	C:\WINDOWS\system32\mswsock.dll
0x00007ffcbf340000 - 0x00007ffcbf355000 	C:\Users\anitha.s\.p2\pool\plugins\org.eclipse.justj.openjdk.hotspot.jre.full.win32.x86_64_17.0.2.v20220201-1208\jre\bin\nio.dll
0x00007ffd318d0000 - 0x00007ffd318e8000 	C:\WINDOWS\SYSTEM32\CRYPTSP.dll
0x00007ffd31000000 - 0x00007ffd31034000 	C:\WINDOWS\system32\rsaenh.dll
0x00007ffd32420000 - 0x00007ffd32447000 	C:\WINDOWS\System32\bcrypt.dll
0x00007ffd31ec0000 - 0x00007ffd31eee000 	C:\WINDOWS\SYSTEM32\USERENV.dll
0x00007ffd318f0000 - 0x00007ffd318fc000 	C:\WINDOWS\SYSTEM32\CRYPTBASE.dll
0x00007ffd313d0000 - 0x00007ffd3140b000 	C:\WINDOWS\SYSTEM32\IPHLPAPI.DLL
0x00007ffd329f0000 - 0x00007ffd329f8000 	C:\WINDOWS\System32\NSI.dll
0x00007ffd2af50000 - 0x00007ffd2af67000 	C:\WINDOWS\SYSTEM32\dhcpcsvc6.DLL
0x00007ffd2bdc0000 - 0x00007ffd2bddd000 	C:\WINDOWS\SYSTEM32\dhcpcsvc.DLL
0x00007ffd31410000 - 0x00007ffd314da000 	C:\WINDOWS\SYSTEM32\DNSAPI.dll

dbghelp: loaded successfully - version: 4.0.5 - missing functions: none
symbol engine: initialized successfully - sym options: 0x614 - pdb path: .;C:\Users\anitha.s\.p2\pool\plugins\org.eclipse.justj.openjdk.hotspot.jre.full.win32.x86_64_17.0.2.v20220201-1208\jre\bin;C:\WINDOWS\SYSTEM32;C:\WINDOWS\WinSxS\amd64_microsoft.windows.common-controls_6595b64144ccf1df_6.0.19041.1110_none_60b5254171f9507e;C:\Users\anitha.s\.p2\pool\plugins\org.eclipse.justj.openjdk.hotspot.jre.full.win32.x86_64_17.0.2.v20220201-1208\jre\bin\server

VM Arguments:
jvm_args: -Dfile.encoding=UTF-8 -XX:+ShowCodeDetailsInExceptionMessages 
java_command: Playwright.thirdScenario
java_class_path (initial): C:\Users\anitha.s\Desktop\UST\USTPlay\USTPlay\target\classes;C:\Users\anitha.s\.p2\pool\plugins\org.testng_7.4.0.r202105021533.jar;C:\Users\anitha.s\.p2\pool\plugins\com.beust.jcommander_1.78.0.jar;C:\Users\anitha.s\.p2\pool\plugins\org.apache-extras.beanshell.bsh_2.0.0.b6.jar;C:\Users\anitha.s\.p2\pool\plugins\org.yaml.snakeyaml_1.21.0.jar;C:\Users\anitha.s\.p2\pool\plugins\org.webjars.jquery_3.5.1.jar;C:\Users\anitha.s\.m2\repository\com\microsoft\playwright\playwright\1.27.1\playwright-1.27.1.jar;C:\Users\anitha.s\.m2\repository\com\google\code\gson\gson\2.8.9\gson-2.8.9.jar;C:\Users\anitha.s\.m2\repository\org\opentest4j\opentest4j\1.2.0\opentest4j-1.2.0.jar;C:\Users\anitha.s\.m2\repository\com\microsoft\playwright\driver\1.27.1\driver-1.27.1.jar;C:\Users\anitha.s\.m2\repository\com\microsoft\playwright\driver-bundle\1.27.1\driver-bundle-1.27.1.jar
Launcher Type: SUN_STANDARD

[Global flags]
     intx CICompilerCount                          = 3                                         {product} {ergonomic}
     uint ConcGCThreads                            = 1                                         {product} {ergonomic}
     uint G1ConcRefinementThreads                  = 4                                         {product} {ergonomic}
   size_t G1HeapRegionSize                         = 1048576                                   {product} {ergonomic}
    uintx GCDrainStackTargetSize                   = 64                                        {product} {ergonomic}
   size_t InitialHeapSize                          = 134217728                                 {product} {ergonomic}
   size_t MarkStackSize                            = 4194304                                   {product} {ergonomic}
   size_t MaxHeapSize                              = 2120220672                                {product} {ergonomic}
   size_t MaxNewSize                               = 1271922688                                {product} {ergonomic}
   size_t MinHeapDeltaBytes                        = 1048576                                   {product} {ergonomic}
   size_t MinHeapSize                              = 8388608                                   {product} {ergonomic}
    uintx NonNMethodCodeHeapSize                   = 5832780                                {pd product} {ergonomic}
    uintx NonProfiledCodeHeapSize                  = 122912730                              {pd product} {ergonomic}
    uintx ProfiledCodeHeapSize                     = 122912730                              {pd product} {ergonomic}
    uintx ReservedCodeCacheSize                    = 251658240                              {pd product} {ergonomic}
     bool SegmentedCodeCache                       = true                                      {product} {ergonomic}
     bool ShowCodeDetailsInExceptionMessages       = true                                   {manageable} {command line}
   size_t SoftMaxHeapSize                          = 2120220672                             {manageable} {ergonomic}
     bool UseCompressedClassPointers               = true                           {product lp64_product} {ergonomic}
     bool UseCompressedOops                        = true                           {product lp64_product} {ergonomic}
     bool UseG1GC                                  = true                                      {product} {ergonomic}
     bool UseLargePagesIndividualAllocation        = false                                  {pd product} {ergonomic}

Logging:
Log output configuration:
 #0: stdout all=warning uptime,level,tags
 #1: stderr all=off uptime,level,tags

Environment Variables:
JAVA_HOME=C:\Program Files\Java\jdk1.8.0_311
PATH=C:/Users/anitha.s/.p2/pool/plugins/org.eclipse.justj.openjdk.hotspot.jre.full.win32.x86_64_17.0.2.v20220201-1208/jre/bin/server;C:/Users/anitha.s/.p2/pool/plugins/org.eclipse.justj.openjdk.hotspot.jre.full.win32.x86_64_17.0.2.v20220201-1208/jre/bin;C:\Program Files (x86)\TRICENTIS\Tosca Testsuite\ToscaCommander;;C:\Program Files (x86)\Common Files\Oracle\Java\javapath;C:\WINDOWS\system32;C:\WINDOWS;C:\WINDOWS\System32\Wbem;C:\WINDOWS\System32\WindowsPowerShell\v1.0\;C:\WINDOWS\System32\OpenSSH\;C:\Users\anitha.s\Desktop\Java\jdk1.8.0_311\bin;C:\Users\anitha.s\Desktop\gradle-6.8.3\bin;C:\Program Files\Git\cmd;C:\Program Files\nodejs\;C:\Program Files\apache-maven-3.8.6\bin;C:\Program Files (x86)\dotnet\;C:\Program Files\dotnet\;C:\Users\anitha.s\AppData\Local\Microsoft\WindowsApps;C:\Program Files\nodejs\;C:\Users\anitha.s\AppData\Roaming\npm;C:\Users\anitha.s\AppData\Local\Programs\Microsoft VS Code\bin;C:\Users\anitha.s\eclipse\java-2021-12\eclipse;
USERNAME=anitha.s
OS=Windows_NT
PROCESSOR_IDENTIFIER=Intel64 Family 6 Model 78 Stepping 3, GenuineIntel



---------------  S Y S T E M  ---------------

OS:
 Windows 10 , 64 bit Build 19041 (10.0.19041.2364)
OS uptime: 0 days 9:06 hours

CPU: total 4 (initial active 4) (2 cores per cpu, 2 threads per core) family 6 model 78 stepping 3 microcode 0xcc, cx8, cmov, fxsr, ht, mmx, 3dnowpref, sse, sse2, sse3, ssse3, sse4.1, sse4.2, popcnt, lzcnt, tsc, tscinvbit, avx, avx2, aes, erms, clmul, bmi1, bmi2, rtm, adx, fma, vzeroupper, clflush, clflushopt

Memory: 4k page, system-wide physical 8084M (571M free)
TotalPageFile size 24254M (AvailPageFile size 4M)
current process WorkingSet (physical memory assigned to process): 68M, peak: 82M
current process commit charge ("private bytes"): 211M, peak: 226M

vm_info: OpenJDK 64-Bit Server VM (17.0.2+8) for windows-amd64 JRE (17.0.2+8), built on Jan 20 2022 04:52:34 by "" with MS VC++ 16.7 (VS2019)

END.
